[2022-04-30 03:42:49] local.ERROR: SQLSTATE[42S22]: Column not found: 1054 Unknown column 'cod_libro' in 'field list' (SQL: insert into `libros` (`cod_libro`, `isbn`, `titulo`, `annio_publicacion`, `precio`, `descripcion`, `updated_at`, `created_at`) values (1, 1234, Harry Potter, 2009, 12.5, ?, 2022-04-30 03:42:49, 2022-04-30 03:42:49)) {"exception":"[object] (Illuminate\\Database\\QueryException(code: 42S22): SQLSTATE[42S22]: Column not found: 1054 Unknown column 'cod_libro' in 'field list' (SQL: insert into `libros` (`cod_libro`, `isbn`, `titulo`, `annio_publicacion`, `precio`, `descripcion`, `updated_at`, `created_at`) values (1, 1234, Harry Potter, 2009, 12.5, ?, 2022-04-30 03:42:49, 2022-04-30 03:42:49)) at C:\\Users\\Sorto\\Documents\\ProyectosLaravel\\parcial\\vendor\\laravel\\framework\\src\\Illuminate\\Database\\Connection.php:742)
[stacktrace]
#0 C:\\Users\\Sorto\\Documents\\ProyectosLaravel\\parcial\\vendor\\laravel\\framework\\src\\Illuminate\\Database\\Connection.php(702): Illuminate\\Database\\Connection->runQueryCallback()
#1 C:\\Users\\Sorto\\Documents\\ProyectosLaravel\\parcial\\vendor\\laravel\\framework\\src\\Illuminate\\Database\\Connection.php(528): Illuminate\\Database\\Connection->run()
#2 C:\\Users\\Sorto\\Documents\\ProyectosLaravel\\parcial\\vendor\\laravel\\framework\\src\\Illuminate\\Database\\Connection.php(480): Illuminate\\Database\\Connection->statement()
#3 C:\\Users\\Sorto\\Documents\\ProyectosLaravel\\parcial\\vendor\\laravel\\framework\\src\\Illuminate\\Database\\Query\\Processors\\Processor.php(32): Illuminate\\Database\\Connection->insert()
#4 C:\\Users\\Sorto\\Documents\\ProyectosLaravel\\parcial\\vendor\\laravel\\framework\\src\\Illuminate\\Database\\Query\\Builder.php(3221): Illuminate\\Database\\Query\\Processors\\Processor->processInsertGetId()
#5 C:\\Users\\Sorto\\Documents\\ProyectosLaravel\\parcial\\vendor\\laravel\\framework\\src\\Illuminate\\Database\\Eloquent\\Builder.php(1740): Illuminate\\Database\\Query\\Builder->insertGetId()
#6 C:\\Users\\Sorto\\Documents\\ProyectosLaravel\\parcial\\vendor\\laravel\\framework\\src\\Illuminate\\Database\\Eloquent\\Model.php(1220): Illuminate\\Database\\Eloquent\\Builder->__call()
#7 C:\\Users\\Sorto\\Documents\\ProyectosLaravel\\parcial\\vendor\\laravel\\framework\\src\\Illuminate\\Database\\Eloquent\\Model.php(1185): Illuminate\\Database\\Eloquent\\Model->insertAndSetId()
#8 C:\\Users\\Sorto\\Documents\\ProyectosLaravel\\parcial\\vendor\\laravel\\framework\\src\\Illuminate\\Database\\Eloquent\\Model.php(1026): Illuminate\\Database\\Eloquent\\Model->performInsert()
#9 C:\\Users\\Sorto\\Documents\\ProyectosLaravel\\parcial\\app\\Http\\Controllers\\LibroController.php(50): Illuminate\\Database\\Eloquent\\Model->save()
#10 C:\\Users\\Sorto\\Documents\\ProyectosLaravel\\parcial\\vendor\\laravel\\framework\\src\\Illuminate\\Routing\\Controller.php(54): App\\Http\\Controllers\\LibroController->store()
#11 C:\\Users\\Sorto\\Documents\\ProyectosLaravel\\parcial\\vendor\\laravel\\framework\\src\\Illuminate\\Routing\\ControllerDispatcher.php(45): Illuminate\\Routing\\Controller->callAction()
#12 C:\\Users\\Sorto\\Documents\\ProyectosLaravel\\parcial\\vendor\\laravel\\framework\\src\\Illuminate\\Routing\\Route.php(261): Illuminate\\Routing\\ControllerDispatcher->dispatch()
#13 C:\\Users\\Sorto\\Documents\\ProyectosLaravel\\parcial\\vendor\\laravel\\framework\\src\\Illuminate\\Routing\\Route.php(204): Illuminate\\Routing\\Route->runController()
#14 C:\\Users\\Sorto\\Documents\\ProyectosLaravel\\parcial\\vendor\\laravel\\framework\\src\\Illuminate\\Routing\\Router.php(725): Illuminate\\Routing\\Route->run()
#15 C:\\Users\\Sorto\\Documents\\ProyectosLaravel\\parcial\\vendor\\laravel\\framework\\src\\Illuminate\\Pipeline\\Pipeline.php(141): Illuminate\\Routing\\Router->Illuminate\\Routing\\{closure}()
#16 C:\\Users\\Sorto\\Documents\\ProyectosLaravel\\parcial\\vendor\\laravel\\framework\\src\\Illuminate\\Routing\\Middleware\\SubstituteBindings.php(50): Illuminate\\Pipeline\\Pipeline->Illuminate\\Pipeline\\{closure}()
#17 C:\\Users\\Sorto\\Documents\\ProyectosLaravel\\parcial\\vendor\\laravel\\framework\\src\\Illuminate\\Pipeline\\Pipeline.php(180): Illuminate\\Routing\\Middleware\\SubstituteBindings->handle()
#18 C:\\Users\\Sorto\\Documents\\ProyectosLaravel\\parcial\\vendor\\laravel\\framework\\src\\Illuminate\\Routing\\Middleware\\ThrottleRequests.php(126): Illuminate\\Pipeline\\Pipeline->Illuminate\\Pipeline\\{closure}()
#19 C:\\Users\\Sorto\\Documents\\ProyectosLaravel\\parcial\\vendor\\laravel\\framework\\src\\Illuminate\\Routing\\Middleware\\ThrottleRequests.php(102): Illuminate\\Routing\\Middleware\\ThrottleRequests->handleRequest()
#20 C:\\Users\\Sorto\\Documents\\ProyectosLaravel\\parcial\\vendor\\laravel\\framework\\src\\Illuminate\\Routing\\Middleware\\ThrottleRequests.php(54): Illuminate\\Routing\\Middleware\\ThrottleRequests->handleRequestUsingNamedLimiter()
#21 C:\\Users\\Sorto\\Documents\\ProyectosLaravel\\parcial\\vendor\\laravel\\framework\\src\\Illuminate\\Pipeline\\Pipeline.php(180): Illuminate\\Routing\\Middleware\\ThrottleRequests->handle()
#22 C:\\Users\\Sorto\\Documents\\ProyectosLaravel\\parcial\\vendor\\laravel\\framework\\src\\Illuminate\\Pipeline\\Pipeline.php(116): Illuminate\\Pipeline\\Pipeline->Illuminate\\Pipeline\\{closure}()
#23 C:\\Users\\Sorto\\Documents\\ProyectosLaravel\\parcial\\vendor\\laravel\\framework\\src\\Illuminate\\Routing\\Router.php(726): Illuminate\\Pipeline\\Pipeline->then()
#24 C:\\Users\\Sorto\\Documents\\ProyectosLaravel\\parcial\\vendor\\laravel\\framework\\src\\Illuminate\\Routing\\Router.php(703): Illuminate\\Routing\\Router->runRouteWithinStack()
#25 C:\\Users\\Sorto\\Documents\\ProyectosLaravel\\parcial\\vendor\\laravel\\framework\\src\\Illuminate\\Routing\\Router.php(667): Illuminate\\Routing\\Router->runRoute()
#26 C:\\Users\\Sorto\\Documents\\ProyectosLaravel\\parcial\\vendor\\laravel\\framework\\src\\Illuminate\\Routing\\Router.php(656): Illuminate\\Routing\\Router->dispatchToRoute()
#27 C:\\Users\\Sorto\\Documents\\ProyectosLaravel\\parcial\\vendor\\laravel\\framework\\src\\Illuminate\\Foundation\\Http\\Kernel.php(167): Illuminate\\Routing\\Router->dispatch()
#28 C:\\Users\\Sorto\\Documents\\ProyectosLaravel\\parcial\\vendor\\laravel\\framework\\src\\Illuminate\\Pipeline\\Pipeline.php(141): Illuminate\\Foundation\\Http\\Kernel->Illuminate\\Foundation\\Http\\{closure}()
#29 C:\\Users\\Sorto\\Documents\\ProyectosLaravel\\parcial\\vendor\\laravel\\framework\\src\\Illuminate\\Foundation\\Http\\Middleware\\TransformsRequest.php(21): Illuminate\\Pipeline\\Pipeline->Illuminate\\Pipeline\\{closure}()
#30 C:\\Users\\Sorto\\Documents\\ProyectosLaravel\\parcial\\vendor\\laravel\\framework\\src\\Illuminate\\Foundation\\Http\\Middleware\\ConvertEmptyStringsToNull.php(31): Illuminate\\Foundation\\Http\\Middleware\\TransformsRequest->handle()
#31 C:\\Users\\Sorto\\Documents\\ProyectosLaravel\\parcial\\vendor\\laravel\\framework\\src\\Illuminate\\Pipeline\\Pipeline.php(180): Illuminate\\Foundation\\Http\\Middleware\\ConvertEmptyStringsToNull->handle()
#32 C:\\Users\\Sorto\\Documents\\ProyectosLaravel\\parcial\\vendor\\laravel\\framework\\src\\Illuminate\\Foundation\\Http\\Middleware\\TransformsRequest.php(21): Illuminate\\Pipeline\\Pipeline->Illuminate\\Pipeline\\{closure}()
#33 C:\\Users\\Sorto\\Documents\\ProyectosLaravel\\parcial\\vendor\\laravel\\framework\\src\\Illuminate\\Foundation\\Http\\Middleware\\TrimStrings.php(40): Illuminate\\Foundation\\Http\\Middleware\\TransformsRequest->handle()
#34 C:\\Users\\Sorto\\Documents\\ProyectosLaravel\\parcial\\vendor\\laravel\\framework\\src\\Illuminate\\Pipeline\\Pipeline.php(180): Illuminate\\Foundation\\Http\\Middleware\\TrimStrings->handle()
#35 C:\\Users\\Sorto\\Documents\\ProyectosLaravel\\parcial\\vendor\\laravel\\framework\\src\\Illuminate\\Foundation\\Http\\Middleware\\ValidatePostSize.php(27): Illuminate\\Pipeline\\Pipeline->Illuminate\\Pipeline\\{closure}()
#36 C:\\Users\\Sorto\\Documents\\ProyectosLaravel\\parcial\\vendor\\laravel\\framework\\src\\Illuminate\\Pipeline\\Pipeline.php(180): Illuminate\\Foundation\\Http\\Middleware\\ValidatePostSize->handle()
#37 C:\\Users\\Sorto\\Documents\\ProyectosLaravel\\parcial\\vendor\\laravel\\framework\\src\\Illuminate\\Foundation\\Http\\Middleware\\PreventRequestsDuringMaintenance.php(86): Illuminate\\Pipeline\\Pipeline->Illuminate\\Pipeline\\{closure}()
#38 C:\\Users\\Sorto\\Documents\\ProyectosLaravel\\parcial\\vendor\\laravel\\framework\\src\\Illuminate\\Pipeline\\Pipeline.php(180): Illuminate\\Foundation\\Http\\Middleware\\PreventRequestsDuringMaintenance->handle()
#39 C:\\Users\\Sorto\\Documents\\ProyectosLaravel\\parcial\\vendor\\laravel\\framework\\src\\Illuminate\\Http\\Middleware\\HandleCors.php(62): Illuminate\\Pipeline\\Pipeline->Illuminate\\Pipeline\\{closure}()
#40 C:\\Users\\Sorto\\Documents\\ProyectosLaravel\\parcial\\vendor\\laravel\\framework\\src\\Illuminate\\Pipeline\\Pipeline.php(180): Illuminate\\Http\\Middleware\\HandleCors->handle()
#41 C:\\Users\\Sorto\\Documents\\ProyectosLaravel\\parcial\\vendor\\laravel\\framework\\src\\Illuminate\\Http\\Middleware\\TrustProxies.php(39): Illuminate\\Pipeline\\Pipeline->Illuminate\\Pipeline\\{closure}()
#42 C:\\Users\\Sorto\\Documents\\ProyectosLaravel\\parcial\\vendor\\laravel\\framework\\src\\Illuminate\\Pipeline\\Pipeline.php(180): Illuminate\\Http\\Middleware\\TrustProxies->handle()
#43 C:\\Users\\Sorto\\Documents\\ProyectosLaravel\\parcial\\vendor\\laravel\\framework\\src\\Illuminate\\Pipeline\\Pipeline.php(116): Illuminate\\Pipeline\\Pipeline->Illuminate\\Pipeline\\{closure}()
#44 C:\\Users\\Sorto\\Documents\\ProyectosLaravel\\parcial\\vendor\\laravel\\framework\\src\\Illuminate\\Foundation\\Http\\Kernel.php(142): Illuminate\\Pipeline\\Pipeline->then()
#45 C:\\Users\\Sorto\\Documents\\ProyectosLaravel\\parcial\\vendor\\laravel\\framework\\src\\Illuminate\\Foundation\\Http\\Kernel.php(111): Illuminate\\Foundation\\Http\\Kernel->sendRequestThroughRouter()
#46 C:\\Users\\Sorto\\Documents\\ProyectosLaravel\\parcial\\public\\index.php(52): Illuminate\\Foundation\\Http\\Kernel->handle()
#47 C:\\Users\\Sorto\\Documents\\ProyectosLaravel\\parcial\\vendor\\laravel\\framework\\src\\Illuminate\\Foundation\esources\\server.php(16): require_once('...')
#48 {main}

[previous exception] [object] (PDOException(code: 42S22): SQLSTATE[42S22]: Column not found: 1054 Unknown column 'cod_libro' in 'field list' at C:\\Users\\Sorto\\Documents\\ProyectosLaravel\\parcial\\vendor\\laravel\\framework\\src\\Illuminate\\Database\\Connection.php:521)
[stacktrace]
#0 C:\\Users\\Sorto\\Documents\\ProyectosLaravel\\parcial\\vendor\\laravel\\framework\\src\\Illuminate\\Database\\Connection.php(521): PDO->prepare()
#1 C:\\Users\\Sorto\\Documents\\ProyectosLaravel\\parcial\\vendor\\laravel\\framework\\src\\Illuminate\\Database\\Connection.php(735): Illuminate\\Database\\Connection->Illuminate\\Database\\{closure}()
#2 C:\\Users\\Sorto\\Documents\\ProyectosLaravel\\parcial\\vendor\\laravel\\framework\\src\\Illuminate\\Database\\Connection.php(702): Illuminate\\Database\\Connection->runQueryCallback()
#3 C:\\Users\\Sorto\\Documents\\ProyectosLaravel\\parcial\\vendor\\laravel\\framework\\src\\Illuminate\\Database\\Connection.php(528): Illuminate\\Database\\Connection->run()
#4 C:\\Users\\Sorto\\Documents\\ProyectosLaravel\\parcial\\vendor\\laravel\\framework\\src\\Illuminate\\Database\\Connection.php(480): Illuminate\\Database\\Connection->statement()
#5 C:\\Users\\Sorto\\Documents\\ProyectosLaravel\\parcial\\vendor\\laravel\\framework\\src\\Illuminate\\Database\\Query\\Processors\\Processor.php(32): Illuminate\\Database\\Connection->insert()
#6 C:\\Users\\Sorto\\Documents\\ProyectosLaravel\\parcial\\vendor\\laravel\\framework\\src\\Illuminate\\Database\\Query\\Builder.php(3221): Illuminate\\Database\\Query\\Processors\\Processor->processInsertGetId()
#7 C:\\Users\\Sorto\\Documents\\ProyectosLaravel\\parcial\\vendor\\laravel\\framework\\src\\Illuminate\\Database\\Eloquent\\Builder.php(1740): Illuminate\\Database\\Query\\Builder->insertGetId()
#8 C:\\Users\\Sorto\\Documents\\ProyectosLaravel\\parcial\\vendor\\laravel\\framework\\src\\Illuminate\\Database\\Eloquent\\Model.php(1220): Illuminate\\Database\\Eloquent\\Builder->__call()
#9 C:\\Users\\Sorto\\Documents\\ProyectosLaravel\\parcial\\vendor\\laravel\\framework\\src\\Illuminate\\Database\\Eloquent\\Model.php(1185): Illuminate\\Database\\Eloquent\\Model->insertAndSetId()
#10 C:\\Users\\Sorto\\Documents\\ProyectosLaravel\\parcial\\vendor\\laravel\\framework\\src\\Illuminate\\Database\\Eloquent\\Model.php(1026): Illuminate\\Database\\Eloquent\\Model->performInsert()
#11 C:\\Users\\Sorto\\Documents\\ProyectosLaravel\\parcial\\app\\Http\\Controllers\\LibroController.php(50): Illuminate\\Database\\Eloquent\\Model->save()
#12 C:\\Users\\Sorto\\Documents\\ProyectosLaravel\\parcial\\vendor\\laravel\\framework\\src\\Illuminate\\Routing\\Controller.php(54): App\\Http\\Controllers\\LibroController->store()
#13 C:\\Users\\Sorto\\Documents\\ProyectosLaravel\\parcial\\vendor\\laravel\\framework\\src\\Illuminate\\Routing\\ControllerDispatcher.php(45): Illuminate\\Routing\\Controller->callAction()
#14 C:\\Users\\Sorto\\Documents\\ProyectosLaravel\\parcial\\vendor\\laravel\\framework\\src\\Illuminate\\Routing\\Route.php(261): Illuminate\\Routing\\ControllerDispatcher->dispatch()
#15 C:\\Users\\Sorto\\Documents\\ProyectosLaravel\\parcial\\vendor\\laravel\\framework\\src\\Illuminate\\Routing\\Route.php(204): Illuminate\\Routing\\Route->runController()
#16 C:\\Users\\Sorto\\Documents\\ProyectosLaravel\\parcial\\vendor\\laravel\\framework\\src\\Illuminate\\Routing\\Router.php(725): Illuminate\\Routing\\Route->run()
#17 C:\\Users\\Sorto\\Documents\\ProyectosLaravel\\parcial\\vendor\\laravel\\framework\\src\\Illuminate\\Pipeline\\Pipeline.php(141): Illuminate\\Routing\\Router->Illuminate\\Routing\\{closure}()
#18 C:\\Users\\Sorto\\Documents\\ProyectosLaravel\\parcial\\vendor\\laravel\\framework\\src\\Illuminate\\Routing\\Middleware\\SubstituteBindings.php(50): Illuminate\\Pipeline\\Pipeline->Illuminate\\Pipeline\\{closure}()
#19 C:\\Users\\Sorto\\Documents\\ProyectosLaravel\\parcial\\vendor\\laravel\\framework\\src\\Illuminate\\Pipeline\\Pipeline.php(180): Illuminate\\Routing\\Middleware\\SubstituteBindings->handle()
#20 C:\\Users\\Sorto\\Documents\\ProyectosLaravel\\parcial\\vendor\\laravel\\framework\\src\\Illuminate\\Routing\\Middleware\\ThrottleRequests.php(126): Illuminate\\Pipeline\\Pipeline->Illuminate\\Pipeline\\{closure}()
#21 C:\\Users\\Sorto\\Documents\\ProyectosLaravel\\parcial\\vendor\\laravel\\framework\\src\\Illuminate\\Routing\\Middleware\\ThrottleRequests.php(102): Illuminate\\Routing\\Middleware\\ThrottleRequests->handleRequest()
#22 C:\\Users\\Sorto\\Documents\\ProyectosLaravel\\parcial\\vendor\\laravel\\framework\\src\\Illuminate\\Routing\\Middleware\\ThrottleRequests.php(54): Illuminate\\Routing\\Middleware\\ThrottleRequests->handleRequestUsingNamedLimiter()
#23 C:\\Users\\Sorto\\Documents\\ProyectosLaravel\\parcial\\vendor\\laravel\\framework\\src\\Illuminate\\Pipeline\\Pipeline.php(180): Illuminate\\Routing\\Middleware\\ThrottleRequests->handle()
#24 C:\\Users\\Sorto\\Documents\\ProyectosLaravel\\parcial\\vendor\\laravel\\framework\\src\\Illuminate\\Pipeline\\Pipeline.php(116): Illuminate\\Pipeline\\Pipeline->Illuminate\\Pipeline\\{closure}()
#25 C:\\Users\\Sorto\\Documents\\ProyectosLaravel\\parcial\\vendor\\laravel\\framework\\src\\Illuminate\\Routing\\Router.php(726): Illuminate\\Pipeline\\Pipeline->then()
#26 C:\\Users\\Sorto\\Documents\\ProyectosLaravel\\parcial\\vendor\\laravel\\framework\\src\\Illuminate\\Routing\\Router.php(703): Illuminate\\Routing\\Router->runRouteWithinStack()
#27 C:\\Users\\Sorto\\Documents\\ProyectosLaravel\\parcial\\vendor\\laravel\\framework\\src\\Illuminate\\Routing\\Router.php(667): Illuminate\\Routing\\Router->runRoute()
#28 C:\\Users\\Sorto\\Documents\\ProyectosLaravel\\parcial\\vendor\\laravel\\framework\\src\\Illuminate\\Routing\\Router.php(656): Illuminate\\Routing\\Router->dispatchToRoute()
#29 C:\\Users\\Sorto\\Documents\\ProyectosLaravel\\parcial\\vendor\\laravel\\framework\\src\\Illuminate\\Foundation\\Http\\Kernel.php(167): Illuminate\\Routing\\Router->dispatch()
#30 C:\\Users\\Sorto\\Documents\\ProyectosLaravel\\parcial\\vendor\\laravel\\framework\\src\\Illuminate\\Pipeline\\Pipeline.php(141): Illuminate\\Foundation\\Http\\Kernel->Illuminate\\Foundation\\Http\\{closure}()
#31 C:\\Users\\Sorto\\Documents\\ProyectosLaravel\\parcial\\vendor\\laravel\\framework\\src\\Illuminate\\Foundation\\Http\\Middleware\\TransformsRequest.php(21): Illuminate\\Pipeline\\Pipeline->Illuminate\\Pipeline\\{closure}()
#32 C:\\Users\\Sorto\\Documents\\ProyectosLaravel\\parcial\\vendor\\laravel\\framework\\src\\Illuminate\\Foundation\\Http\\Middleware\\ConvertEmptyStringsToNull.php(31): Illuminate\\Foundation\\Http\\Middleware\\TransformsRequest->handle()
#33 C:\\Users\\Sorto\\Documents\\ProyectosLaravel\\parcial\\vendor\\laravel\\framework\\src\\Illuminate\\Pipeline\\Pipeline.php(180): Illuminate\\Foundation\\Http\\Middleware\\ConvertEmptyStringsToNull->handle()
#34 C:\\Users\\Sorto\\Documents\\ProyectosLaravel\\parcial\\vendor\\laravel\\framework\\src\\Illuminate\\Foundation\\Http\\Middleware\\TransformsRequest.php(21): Illuminate\\Pipeline\\Pipeline->Illuminate\\Pipeline\\{closure}()
#35 C:\\Users\\Sorto\\Documents\\ProyectosLaravel\\parcial\\vendor\\laravel\\framework\\src\\Illuminate\\Foundation\\Http\\Middleware\\TrimStrings.php(40): Illuminate\\Foundation\\Http\\Middleware\\TransformsRequest->handle()
#36 C:\\Users\\Sorto\\Documents\\ProyectosLaravel\\parcial\\vendor\\laravel\\framework\\src\\Illuminate\\Pipeline\\Pipeline.php(180): Illuminate\\Foundation\\Http\\Middleware\\TrimStrings->handle()
#37 C:\\Users\\Sorto\\Documents\\ProyectosLaravel\\parcial\\vendor\\laravel\\framework\\src\\Illuminate\\Foundation\\Http\\Middleware\\ValidatePostSize.php(27): Illuminate\\Pipeline\\Pipeline->Illuminate\\Pipeline\\{closure}()
#38 C:\\Users\\Sorto\\Documents\\ProyectosLaravel\\parcial\\vendor\\laravel\\framework\\src\\Illuminate\\Pipeline\\Pipeline.php(180): Illuminate\\Foundation\\Http\\Middleware\\ValidatePostSize->handle()
#39 C:\\Users\\Sorto\\Documents\\ProyectosLaravel\\parcial\\vendor\\laravel\\framework\\src\\Illuminate\\Foundation\\Http\\Middleware\\PreventRequestsDuringMaintenance.php(86): Illuminate\\Pipeline\\Pipeline->Illuminate\\Pipeline\\{closure}()
#40 C:\\Users\\Sorto\\Documents\\ProyectosLaravel\\parcial\\vendor\\laravel\\framework\\src\\Illuminate\\Pipeline\\Pipeline.php(180): Illuminate\\Foundation\\Http\\Middleware\\PreventRequestsDuringMaintenance->handle()
#41 C:\\Users\\Sorto\\Documents\\ProyectosLaravel\\parcial\\vendor\\laravel\\framework\\src\\Illuminate\\Http\\Middleware\\HandleCors.php(62): Illuminate\\Pipeline\\Pipeline->Illuminate\\Pipeline\\{closure}()
#42 C:\\Users\\Sorto\\Documents\\ProyectosLaravel\\parcial\\vendor\\laravel\\framework\\src\\Illuminate\\Pipeline\\Pipeline.php(180): Illuminate\\Http\\Middleware\\HandleCors->handle()
#43 C:\\Users\\Sorto\\Documents\\ProyectosLaravel\\parcial\\vendor\\laravel\\framework\\src\\Illuminate\\Http\\Middleware\\TrustProxies.php(39): Illuminate\\Pipeline\\Pipeline->Illuminate\\Pipeline\\{closure}()
#44 C:\\Users\\Sorto\\Documents\\ProyectosLaravel\\parcial\\vendor\\laravel\\framework\\src\\Illuminate\\Pipeline\\Pipeline.php(180): Illuminate\\Http\\Middleware\\TrustProxies->handle()
#45 C:\\Users\\Sorto\\Documents\\ProyectosLaravel\\parcial\\vendor\\laravel\\framework\\src\\Illuminate\\Pipeline\\Pipeline.php(116): Illuminate\\Pipeline\\Pipeline->Illuminate\\Pipeline\\{closure}()
#46 C:\\Users\\Sorto\\Documents\\ProyectosLaravel\\parcial\\vendor\\laravel\\framework\\src\\Illuminate\\Foundation\\Http\\Kernel.php(142): Illuminate\\Pipeline\\Pipeline->then()
#47 C:\\Users\\Sorto\\Documents\\ProyectosLaravel\\parcial\\vendor\\laravel\\framework\\src\\Illuminate\\Foundation\\Http\\Kernel.php(111): Illuminate\\Foundation\\Http\\Kernel->sendRequestThroughRouter()
#48 C:\\Users\\Sorto\\Documents\\ProyectosLaravel\\parcial\\public\\index.php(52): Illuminate\\Foundation\\Http\\Kernel->handle()
#49 C:\\Users\\Sorto\\Documents\\ProyectosLaravel\\parcial\\vendor\\laravel\\framework\\src\\Illuminate\\Foundation\esources\\server.php(16): require_once('...')
#50 {main}
"} 
[2022-04-30 03:43:31] local.ERROR: SQLSTATE[42S22]: Column not found: 1054 Unknown column 'cod_libro' in 'field list' (SQL: insert into `libros` (`cod_libro`, `isbn`, `titulo`, `annio_publicacion`, `precio`, `descripcion`, `updated_at`, `created_at`) values (1, 1234, Harry Potter, 2009, 12.5, ?, 2022-04-30 03:43:31, 2022-04-30 03:43:31)) {"exception":"[object] (Illuminate\\Database\\QueryException(code: 42S22): SQLSTATE[42S22]: Column not found: 1054 Unknown column 'cod_libro' in 'field list' (SQL: insert into `libros` (`cod_libro`, `isbn`, `titulo`, `annio_publicacion`, `precio`, `descripcion`, `updated_at`, `created_at`) values (1, 1234, Harry Potter, 2009, 12.5, ?, 2022-04-30 03:43:31, 2022-04-30 03:43:31)) at C:\\Users\\Sorto\\Documents\\ProyectosLaravel\\parcial\\vendor\\laravel\\framework\\src\\Illuminate\\Database\\Connection.php:742)
[stacktrace]
#0 C:\\Users\\Sorto\\Documents\\ProyectosLaravel\\parcial\\vendor\\laravel\\framework\\src\\Illuminate\\Database\\Connection.php(702): Illuminate\\Database\\Connection->runQueryCallback()
#1 C:\\Users\\Sorto\\Documents\\ProyectosLaravel\\parcial\\vendor\\laravel\\framework\\src\\Illuminate\\Database\\Connection.php(528): Illuminate\\Database\\Connection->run()
#2 C:\\Users\\Sorto\\Documents\\ProyectosLaravel\\parcial\\vendor\\laravel\\framework\\src\\Illuminate\\Database\\Connection.php(480): Illuminate\\Database\\Connection->statement()
#3 C:\\Users\\Sorto\\Documents\\ProyectosLaravel\\parcial\\vendor\\laravel\\framework\\src\\Illuminate\\Database\\Query\\Processors\\Processor.php(32): Illuminate\\Database\\Connection->insert()
#4 C:\\Users\\Sorto\\Documents\\ProyectosLaravel\\parcial\\vendor\\laravel\\framework\\src\\Illuminate\\Database\\Query\\Builder.php(3221): Illuminate\\Database\\Query\\Processors\\Processor->processInsertGetId()
#5 C:\\Users\\Sorto\\Documents\\ProyectosLaravel\\parcial\\vendor\\laravel\\framework\\src\\Illuminate\\Database\\Eloquent\\Builder.php(1740): Illuminate\\Database\\Query\\Builder->insertGetId()
#6 C:\\Users\\Sorto\\Documents\\ProyectosLaravel\\parcial\\vendor\\laravel\\framework\\src\\Illuminate\\Database\\Eloquent\\Model.php(1220): Illuminate\\Database\\Eloquent\\Builder->__call()
#7 C:\\Users\\Sorto\\Documents\\ProyectosLaravel\\parcial\\vendor\\laravel\\framework\\src\\Illuminate\\Database\\Eloquent\\Model.php(1185): Illuminate\\Database\\Eloquent\\Model->insertAndSetId()
#8 C:\\Users\\Sorto\\Documents\\ProyectosLaravel\\parcial\\vendor\\laravel\\framework\\src\\Illuminate\\Database\\Eloquent\\Model.php(1026): Illuminate\\Database\\Eloquent\\Model->performInsert()
#9 C:\\Users\\Sorto\\Documents\\ProyectosLaravel\\parcial\\app\\Http\\Controllers\\LibroController.php(50): Illuminate\\Database\\Eloquent\\Model->save()
#10 C:\\Users\\Sorto\\Documents\\ProyectosLaravel\\parcial\\vendor\\laravel\\framework\\src\\Illuminate\\Routing\\Controller.php(54): App\\Http\\Controllers\\LibroController->store()
#11 C:\\Users\\Sorto\\Documents\\ProyectosLaravel\\parcial\\vendor\\laravel\\framework\\src\\Illuminate\\Routing\\ControllerDispatcher.php(45): Illuminate\\Routing\\Controller->callAction()
#12 C:\\Users\\Sorto\\Documents\\ProyectosLaravel\\parcial\\vendor\\laravel\\framework\\src\\Illuminate\\Routing\\Route.php(261): Illuminate\\Routing\\ControllerDispatcher->dispatch()
#13 C:\\Users\\Sorto\\Documents\\ProyectosLaravel\\parcial\\vendor\\laravel\\framework\\src\\Illuminate\\Routing\\Route.php(204): Illuminate\\Routing\\Route->runController()
#14 C:\\Users\\Sorto\\Documents\\ProyectosLaravel\\parcial\\vendor\\laravel\\framework\\src\\Illuminate\\Routing\\Router.php(725): Illuminate\\Routing\\Route->run()
#15 C:\\Users\\Sorto\\Documents\\ProyectosLaravel\\parcial\\vendor\\laravel\\framework\\src\\Illuminate\\Pipeline\\Pipeline.php(141): Illuminate\\Routing\\Router->Illuminate\\Routing\\{closure}()
#16 C:\\Users\\Sorto\\Documents\\ProyectosLaravel\\parcial\\vendor\\laravel\\framework\\src\\Illuminate\\Routing\\Middleware\\SubstituteBindings.php(50): Illuminate\\Pipeline\\Pipeline->Illuminate\\Pipeline\\{closure}()
#17 C:\\Users\\Sorto\\Documents\\ProyectosLaravel\\parcial\\vendor\\laravel\\framework\\src\\Illuminate\\Pipeline\\Pipeline.php(180): Illuminate\\Routing\\Middleware\\SubstituteBindings->handle()
#18 C:\\Users\\Sorto\\Documents\\ProyectosLaravel\\parcial\\vendor\\laravel\\framework\\src\\Illuminate\\Routing\\Middleware\\ThrottleRequests.php(126): Illuminate\\Pipeline\\Pipeline->Illuminate\\Pipeline\\{closure}()
#19 C:\\Users\\Sorto\\Documents\\ProyectosLaravel\\parcial\\vendor\\laravel\\framework\\src\\Illuminate\\Routing\\Middleware\\ThrottleRequests.php(102): Illuminate\\Routing\\Middleware\\ThrottleRequests->handleRequest()
#20 C:\\Users\\Sorto\\Documents\\ProyectosLaravel\\parcial\\vendor\\laravel\\framework\\src\\Illuminate\\Routing\\Middleware\\ThrottleRequests.php(54): Illuminate\\Routing\\Middleware\\ThrottleRequests->handleRequestUsingNamedLimiter()
#21 C:\\Users\\Sorto\\Documents\\ProyectosLaravel\\parcial\\vendor\\laravel\\framework\\src\\Illuminate\\Pipeline\\Pipeline.php(180): Illuminate\\Routing\\Middleware\\ThrottleRequests->handle()
#22 C:\\Users\\Sorto\\Documents\\ProyectosLaravel\\parcial\\vendor\\laravel\\framework\\src\\Illuminate\\Pipeline\\Pipeline.php(116): Illuminate\\Pipeline\\Pipeline->Illuminate\\Pipeline\\{closure}()
#23 C:\\Users\\Sorto\\Documents\\ProyectosLaravel\\parcial\\vendor\\laravel\\framework\\src\\Illuminate\\Routing\\Router.php(726): Illuminate\\Pipeline\\Pipeline->then()
#24 C:\\Users\\Sorto\\Documents\\ProyectosLaravel\\parcial\\vendor\\laravel\\framework\\src\\Illuminate\\Routing\\Router.php(703): Illuminate\\Routing\\Router->runRouteWithinStack()
#25 C:\\Users\\Sorto\\Documents\\ProyectosLaravel\\parcial\\vendor\\laravel\\framework\\src\\Illuminate\\Routing\\Router.php(667): Illuminate\\Routing\\Router->runRoute()
#26 C:\\Users\\Sorto\\Documents\\ProyectosLaravel\\parcial\\vendor\\laravel\\framework\\src\\Illuminate\\Routing\\Router.php(656): Illuminate\\Routing\\Router->dispatchToRoute()
#27 C:\\Users\\Sorto\\Documents\\ProyectosLaravel\\parcial\\vendor\\laravel\\framework\\src\\Illuminate\\Foundation\\Http\\Kernel.php(167): Illuminate\\Routing\\Router->dispatch()
#28 C:\\Users\\Sorto\\Documents\\ProyectosLaravel\\parcial\\vendor\\laravel\\framework\\src\\Illuminate\\Pipeline\\Pipeline.php(141): Illuminate\\Foundation\\Http\\Kernel->Illuminate\\Foundation\\Http\\{closure}()
#29 C:\\Users\\Sorto\\Documents\\ProyectosLaravel\\parcial\\vendor\\laravel\\framework\\src\\Illuminate\\Foundation\\Http\\Middleware\\TransformsRequest.php(21): Illuminate\\Pipeline\\Pipeline->Illuminate\\Pipeline\\{closure}()
#30 C:\\Users\\Sorto\\Documents\\ProyectosLaravel\\parcial\\vendor\\laravel\\framework\\src\\Illuminate\\Foundation\\Http\\Middleware\\ConvertEmptyStringsToNull.php(31): Illuminate\\Foundation\\Http\\Middleware\\TransformsRequest->handle()
#31 C:\\Users\\Sorto\\Documents\\ProyectosLaravel\\parcial\\vendor\\laravel\\framework\\src\\Illuminate\\Pipeline\\Pipeline.php(180): Illuminate\\Foundation\\Http\\Middleware\\ConvertEmptyStringsToNull->handle()
#32 C:\\Users\\Sorto\\Documents\\ProyectosLaravel\\parcial\\vendor\\laravel\\framework\\src\\Illuminate\\Foundation\\Http\\Middleware\\TransformsRequest.php(21): Illuminate\\Pipeline\\Pipeline->Illuminate\\Pipeline\\{closure}()
#33 C:\\Users\\Sorto\\Documents\\ProyectosLaravel\\parcial\\vendor\\laravel\\framework\\src\\Illuminate\\Foundation\\Http\\Middleware\\TrimStrings.php(40): Illuminate\\Foundation\\Http\\Middleware\\TransformsRequest->handle()
#34 C:\\Users\\Sorto\\Documents\\ProyectosLaravel\\parcial\\vendor\\laravel\\framework\\src\\Illuminate\\Pipeline\\Pipeline.php(180): Illuminate\\Foundation\\Http\\Middleware\\TrimStrings->handle()
#35 C:\\Users\\Sorto\\Documents\\ProyectosLaravel\\parcial\\vendor\\laravel\\framework\\src\\Illuminate\\Foundation\\Http\\Middleware\\ValidatePostSize.php(27): Illuminate\\Pipeline\\Pipeline->Illuminate\\Pipeline\\{closure}()
#36 C:\\Users\\Sorto\\Documents\\ProyectosLaravel\\parcial\\vendor\\laravel\\framework\\src\\Illuminate\\Pipeline\\Pipeline.php(180): Illuminate\\Foundation\\Http\\Middleware\\ValidatePostSize->handle()
#37 C:\\Users\\Sorto\\Documents\\ProyectosLaravel\\parcial\\vendor\\laravel\\framework\\src\\Illuminate\\Foundation\\Http\\Middleware\\PreventRequestsDuringMaintenance.php(86): Illuminate\\Pipeline\\Pipeline->Illuminate\\Pipeline\\{closure}()
#38 C:\\Users\\Sorto\\Documents\\ProyectosLaravel\\parcial\\vendor\\laravel\\framework\\src\\Illuminate\\Pipeline\\Pipeline.php(180): Illuminate\\Foundation\\Http\\Middleware\\PreventRequestsDuringMaintenance->handle()
#39 C:\\Users\\Sorto\\Documents\\ProyectosLaravel\\parcial\\vendor\\laravel\\framework\\src\\Illuminate\\Http\\Middleware\\HandleCors.php(62): Illuminate\\Pipeline\\Pipeline->Illuminate\\Pipeline\\{closure}()
#40 C:\\Users\\Sorto\\Documents\\ProyectosLaravel\\parcial\\vendor\\laravel\\framework\\src\\Illuminate\\Pipeline\\Pipeline.php(180): Illuminate\\Http\\Middleware\\HandleCors->handle()
#41 C:\\Users\\Sorto\\Documents\\ProyectosLaravel\\parcial\\vendor\\laravel\\framework\\src\\Illuminate\\Http\\Middleware\\TrustProxies.php(39): Illuminate\\Pipeline\\Pipeline->Illuminate\\Pipeline\\{closure}()
#42 C:\\Users\\Sorto\\Documents\\ProyectosLaravel\\parcial\\vendor\\laravel\\framework\\src\\Illuminate\\Pipeline\\Pipeline.php(180): Illuminate\\Http\\Middleware\\TrustProxies->handle()
#43 C:\\Users\\Sorto\\Documents\\ProyectosLaravel\\parcial\\vendor\\laravel\\framework\\src\\Illuminate\\Pipeline\\Pipeline.php(116): Illuminate\\Pipeline\\Pipeline->Illuminate\\Pipeline\\{closure}()
#44 C:\\Users\\Sorto\\Documents\\ProyectosLaravel\\parcial\\vendor\\laravel\\framework\\src\\Illuminate\\Foundation\\Http\\Kernel.php(142): Illuminate\\Pipeline\\Pipeline->then()
#45 C:\\Users\\Sorto\\Documents\\ProyectosLaravel\\parcial\\vendor\\laravel\\framework\\src\\Illuminate\\Foundation\\Http\\Kernel.php(111): Illuminate\\Foundation\\Http\\Kernel->sendRequestThroughRouter()
#46 C:\\Users\\Sorto\\Documents\\ProyectosLaravel\\parcial\\public\\index.php(52): Illuminate\\Foundation\\Http\\Kernel->handle()
#47 C:\\Users\\Sorto\\Documents\\ProyectosLaravel\\parcial\\vendor\\laravel\\framework\\src\\Illuminate\\Foundation\esources\\server.php(16): require_once('...')
#48 {main}

[previous exception] [object] (PDOException(code: 42S22): SQLSTATE[42S22]: Column not found: 1054 Unknown column 'cod_libro' in 'field list' at C:\\Users\\Sorto\\Documents\\ProyectosLaravel\\parcial\\vendor\\laravel\\framework\\src\\Illuminate\\Database\\Connection.php:521)
[stacktrace]
#0 C:\\Users\\Sorto\\Documents\\ProyectosLaravel\\parcial\\vendor\\laravel\\framework\\src\\Illuminate\\Database\\Connection.php(521): PDO->prepare()
#1 C:\\Users\\Sorto\\Documents\\ProyectosLaravel\\parcial\\vendor\\laravel\\framework\\src\\Illuminate\\Database\\Connection.php(735): Illuminate\\Database\\Connection->Illuminate\\Database\\{closure}()
#2 C:\\Users\\Sorto\\Documents\\ProyectosLaravel\\parcial\\vendor\\laravel\\framework\\src\\Illuminate\\Database\\Connection.php(702): Illuminate\\Database\\Connection->runQueryCallback()
#3 C:\\Users\\Sorto\\Documents\\ProyectosLaravel\\parcial\\vendor\\laravel\\framework\\src\\Illuminate\\Database\\Connection.php(528): Illuminate\\Database\\Connection->run()
#4 C:\\Users\\Sorto\\Documents\\ProyectosLaravel\\parcial\\vendor\\laravel\\framework\\src\\Illuminate\\Database\\Connection.php(480): Illuminate\\Database\\Connection->statement()
#5 C:\\Users\\Sorto\\Documents\\ProyectosLaravel\\parcial\\vendor\\laravel\\framework\\src\\Illuminate\\Database\\Query\\Processors\\Processor.php(32): Illuminate\\Database\\Connection->insert()
#6 C:\\Users\\Sorto\\Documents\\ProyectosLaravel\\parcial\\vendor\\laravel\\framework\\src\\Illuminate\\Database\\Query\\Builder.php(3221): Illuminate\\Database\\Query\\Processors\\Processor->processInsertGetId()
#7 C:\\Users\\Sorto\\Documents\\ProyectosLaravel\\parcial\\vendor\\laravel\\framework\\src\\Illuminate\\Database\\Eloquent\\Builder.php(1740): Illuminate\\Database\\Query\\Builder->insertGetId()
#8 C:\\Users\\Sorto\\Documents\\ProyectosLaravel\\parcial\\vendor\\laravel\\framework\\src\\Illuminate\\Database\\Eloquent\\Model.php(1220): Illuminate\\Database\\Eloquent\\Builder->__call()
#9 C:\\Users\\Sorto\\Documents\\ProyectosLaravel\\parcial\\vendor\\laravel\\framework\\src\\Illuminate\\Database\\Eloquent\\Model.php(1185): Illuminate\\Database\\Eloquent\\Model->insertAndSetId()
#10 C:\\Users\\Sorto\\Documents\\ProyectosLaravel\\parcial\\vendor\\laravel\\framework\\src\\Illuminate\\Database\\Eloquent\\Model.php(1026): Illuminate\\Database\\Eloquent\\Model->performInsert()
#11 C:\\Users\\Sorto\\Documents\\ProyectosLaravel\\parcial\\app\\Http\\Controllers\\LibroController.php(50): Illuminate\\Database\\Eloquent\\Model->save()
#12 C:\\Users\\Sorto\\Documents\\ProyectosLaravel\\parcial\\vendor\\laravel\\framework\\src\\Illuminate\\Routing\\Controller.php(54): App\\Http\\Controllers\\LibroController->store()
#13 C:\\Users\\Sorto\\Documents\\ProyectosLaravel\\parcial\\vendor\\laravel\\framework\\src\\Illuminate\\Routing\\ControllerDispatcher.php(45): Illuminate\\Routing\\Controller->callAction()
#14 C:\\Users\\Sorto\\Documents\\ProyectosLaravel\\parcial\\vendor\\laravel\\framework\\src\\Illuminate\\Routing\\Route.php(261): Illuminate\\Routing\\ControllerDispatcher->dispatch()
#15 C:\\Users\\Sorto\\Documents\\ProyectosLaravel\\parcial\\vendor\\laravel\\framework\\src\\Illuminate\\Routing\\Route.php(204): Illuminate\\Routing\\Route->runController()
#16 C:\\Users\\Sorto\\Documents\\ProyectosLaravel\\parcial\\vendor\\laravel\\framework\\src\\Illuminate\\Routing\\Router.php(725): Illuminate\\Routing\\Route->run()
#17 C:\\Users\\Sorto\\Documents\\ProyectosLaravel\\parcial\\vendor\\laravel\\framework\\src\\Illuminate\\Pipeline\\Pipeline.php(141): Illuminate\\Routing\\Router->Illuminate\\Routing\\{closure}()
#18 C:\\Users\\Sorto\\Documents\\ProyectosLaravel\\parcial\\vendor\\laravel\\framework\\src\\Illuminate\\Routing\\Middleware\\SubstituteBindings.php(50): Illuminate\\Pipeline\\Pipeline->Illuminate\\Pipeline\\{closure}()
#19 C:\\Users\\Sorto\\Documents\\ProyectosLaravel\\parcial\\vendor\\laravel\\framework\\src\\Illuminate\\Pipeline\\Pipeline.php(180): Illuminate\\Routing\\Middleware\\SubstituteBindings->handle()
#20 C:\\Users\\Sorto\\Documents\\ProyectosLaravel\\parcial\\vendor\\laravel\\framework\\src\\Illuminate\\Routing\\Middleware\\ThrottleRequests.php(126): Illuminate\\Pipeline\\Pipeline->Illuminate\\Pipeline\\{closure}()
#21 C:\\Users\\Sorto\\Documents\\ProyectosLaravel\\parcial\\vendor\\laravel\\framework\\src\\Illuminate\\Routing\\Middleware\\ThrottleRequests.php(102): Illuminate\\Routing\\Middleware\\ThrottleRequests->handleRequest()
#22 C:\\Users\\Sorto\\Documents\\ProyectosLaravel\\parcial\\vendor\\laravel\\framework\\src\\Illuminate\\Routing\\Middleware\\ThrottleRequests.php(54): Illuminate\\Routing\\Middleware\\ThrottleRequests->handleRequestUsingNamedLimiter()
#23 C:\\Users\\Sorto\\Documents\\ProyectosLaravel\\parcial\\vendor\\laravel\\framework\\src\\Illuminate\\Pipeline\\Pipeline.php(180): Illuminate\\Routing\\Middleware\\ThrottleRequests->handle()
#24 C:\\Users\\Sorto\\Documents\\ProyectosLaravel\\parcial\\vendor\\laravel\\framework\\src\\Illuminate\\Pipeline\\Pipeline.php(116): Illuminate\\Pipeline\\Pipeline->Illuminate\\Pipeline\\{closure}()
#25 C:\\Users\\Sorto\\Documents\\ProyectosLaravel\\parcial\\vendor\\laravel\\framework\\src\\Illuminate\\Routing\\Router.php(726): Illuminate\\Pipeline\\Pipeline->then()
#26 C:\\Users\\Sorto\\Documents\\ProyectosLaravel\\parcial\\vendor\\laravel\\framework\\src\\Illuminate\\Routing\\Router.php(703): Illuminate\\Routing\\Router->runRouteWithinStack()
#27 C:\\Users\\Sorto\\Documents\\ProyectosLaravel\\parcial\\vendor\\laravel\\framework\\src\\Illuminate\\Routing\\Router.php(667): Illuminate\\Routing\\Router->runRoute()
#28 C:\\Users\\Sorto\\Documents\\ProyectosLaravel\\parcial\\vendor\\laravel\\framework\\src\\Illuminate\\Routing\\Router.php(656): Illuminate\\Routing\\Router->dispatchToRoute()
#29 C:\\Users\\Sorto\\Documents\\ProyectosLaravel\\parcial\\vendor\\laravel\\framework\\src\\Illuminate\\Foundation\\Http\\Kernel.php(167): Illuminate\\Routing\\Router->dispatch()
#30 C:\\Users\\Sorto\\Documents\\ProyectosLaravel\\parcial\\vendor\\laravel\\framework\\src\\Illuminate\\Pipeline\\Pipeline.php(141): Illuminate\\Foundation\\Http\\Kernel->Illuminate\\Foundation\\Http\\{closure}()
#31 C:\\Users\\Sorto\\Documents\\ProyectosLaravel\\parcial\\vendor\\laravel\\framework\\src\\Illuminate\\Foundation\\Http\\Middleware\\TransformsRequest.php(21): Illuminate\\Pipeline\\Pipeline->Illuminate\\Pipeline\\{closure}()
#32 C:\\Users\\Sorto\\Documents\\ProyectosLaravel\\parcial\\vendor\\laravel\\framework\\src\\Illuminate\\Foundation\\Http\\Middleware\\ConvertEmptyStringsToNull.php(31): Illuminate\\Foundation\\Http\\Middleware\\TransformsRequest->handle()
#33 C:\\Users\\Sorto\\Documents\\ProyectosLaravel\\parcial\\vendor\\laravel\\framework\\src\\Illuminate\\Pipeline\\Pipeline.php(180): Illuminate\\Foundation\\Http\\Middleware\\ConvertEmptyStringsToNull->handle()
#34 C:\\Users\\Sorto\\Documents\\ProyectosLaravel\\parcial\\vendor\\laravel\\framework\\src\\Illuminate\\Foundation\\Http\\Middleware\\TransformsRequest.php(21): Illuminate\\Pipeline\\Pipeline->Illuminate\\Pipeline\\{closure}()
#35 C:\\Users\\Sorto\\Documents\\ProyectosLaravel\\parcial\\vendor\\laravel\\framework\\src\\Illuminate\\Foundation\\Http\\Middleware\\TrimStrings.php(40): Illuminate\\Foundation\\Http\\Middleware\\TransformsRequest->handle()
#36 C:\\Users\\Sorto\\Documents\\ProyectosLaravel\\parcial\\vendor\\laravel\\framework\\src\\Illuminate\\Pipeline\\Pipeline.php(180): Illuminate\\Foundation\\Http\\Middleware\\TrimStrings->handle()
#37 C:\\Users\\Sorto\\Documents\\ProyectosLaravel\\parcial\\vendor\\laravel\\framework\\src\\Illuminate\\Foundation\\Http\\Middleware\\ValidatePostSize.php(27): Illuminate\\Pipeline\\Pipeline->Illuminate\\Pipeline\\{closure}()
#38 C:\\Users\\Sorto\\Documents\\ProyectosLaravel\\parcial\\vendor\\laravel\\framework\\src\\Illuminate\\Pipeline\\Pipeline.php(180): Illuminate\\Foundation\\Http\\Middleware\\ValidatePostSize->handle()
#39 C:\\Users\\Sorto\\Documents\\ProyectosLaravel\\parcial\\vendor\\laravel\\framework\\src\\Illuminate\\Foundation\\Http\\Middleware\\PreventRequestsDuringMaintenance.php(86): Illuminate\\Pipeline\\Pipeline->Illuminate\\Pipeline\\{closure}()
#40 C:\\Users\\Sorto\\Documents\\ProyectosLaravel\\parcial\\vendor\\laravel\\framework\\src\\Illuminate\\Pipeline\\Pipeline.php(180): Illuminate\\Foundation\\Http\\Middleware\\PreventRequestsDuringMaintenance->handle()
#41 C:\\Users\\Sorto\\Documents\\ProyectosLaravel\\parcial\\vendor\\laravel\\framework\\src\\Illuminate\\Http\\Middleware\\HandleCors.php(62): Illuminate\\Pipeline\\Pipeline->Illuminate\\Pipeline\\{closure}()
#42 C:\\Users\\Sorto\\Documents\\ProyectosLaravel\\parcial\\vendor\\laravel\\framework\\src\\Illuminate\\Pipeline\\Pipeline.php(180): Illuminate\\Http\\Middleware\\HandleCors->handle()
#43 C:\\Users\\Sorto\\Documents\\ProyectosLaravel\\parcial\\vendor\\laravel\\framework\\src\\Illuminate\\Http\\Middleware\\TrustProxies.php(39): Illuminate\\Pipeline\\Pipeline->Illuminate\\Pipeline\\{closure}()
#44 C:\\Users\\Sorto\\Documents\\ProyectosLaravel\\parcial\\vendor\\laravel\\framework\\src\\Illuminate\\Pipeline\\Pipeline.php(180): Illuminate\\Http\\Middleware\\TrustProxies->handle()
#45 C:\\Users\\Sorto\\Documents\\ProyectosLaravel\\parcial\\vendor\\laravel\\framework\\src\\Illuminate\\Pipeline\\Pipeline.php(116): Illuminate\\Pipeline\\Pipeline->Illuminate\\Pipeline\\{closure}()
#46 C:\\Users\\Sorto\\Documents\\ProyectosLaravel\\parcial\\vendor\\laravel\\framework\\src\\Illuminate\\Foundation\\Http\\Kernel.php(142): Illuminate\\Pipeline\\Pipeline->then()
#47 C:\\Users\\Sorto\\Documents\\ProyectosLaravel\\parcial\\vendor\\laravel\\framework\\src\\Illuminate\\Foundation\\Http\\Kernel.php(111): Illuminate\\Foundation\\Http\\Kernel->sendRequestThroughRouter()
#48 C:\\Users\\Sorto\\Documents\\ProyectosLaravel\\parcial\\public\\index.php(52): Illuminate\\Foundation\\Http\\Kernel->handle()
#49 C:\\Users\\Sorto\\Documents\\ProyectosLaravel\\parcial\\vendor\\laravel\\framework\\src\\Illuminate\\Foundation\esources\\server.php(16): require_once('...')
#50 {main}
"} 
